-------------------------------------------------------------------------------
Test set: com.wad.demo.DemoApiApplicationTests
-------------------------------------------------------------------------------
Tests run: 1, Failures: 0, Errors: 1, Skipped: 0, Time elapsed: 5.905 s <<< FAILURE! - in com.wad.demo.DemoApiApplicationTests
contextLoads(com.wad.demo.DemoApiApplicationTests)  Time elapsed: 0.001 s  <<< ERROR!
java.lang.IllegalStateException: Failed to load ApplicationContext
Caused by: org.springframework.beans.factory.BeanCreationException: Error creating bean with name 'entityManagerFactory' defined in class path resource [org/springframework/boot/autoconfigure/orm/jpa/HibernateJpaConfiguration.class]: Invocation of init method failed; nested exception is javax.persistence.PersistenceException: [PersistenceUnit: default] Unable to build Hibernate SessionFactory; nested exception is org.hibernate.MappingException: Could not determine type for: java.awt.Image, at table: product, for columns: [org.hibernate.mapping.Column(image)]
Caused by: javax.persistence.PersistenceException: [PersistenceUnit: default] Unable to build Hibernate SessionFactory; nested exception is org.hibernate.MappingException: Could not determine type for: java.awt.Image, at table: product, for columns: [org.hibernate.mapping.Column(image)]
Caused by: org.hibernate.MappingException: Could not determine type for: java.awt.Image, at table: product, for columns: [org.hibernate.mapping.Column(image)]

